22:02:14 INFO  : Launching XSCT server: xsct.bat -n  -interactive C:\Users\vince\VitisWorkspace\temp_xsdb_launch_script.tcl
22:02:19 INFO  : XSCT server has started successfully.
22:02:19 INFO  : plnx-install-location is set to ''
22:02:19 INFO  : Successfully done setting XSCT server connection channel  
22:02:22 INFO  : Registering command handlers for Vitis TCF services
22:02:24 INFO  : Successfully done setting workspace for the tool. 
22:02:24 INFO  : Successfully done query RDI_DATADIR 
11:06:57 INFO  : Launching XSCT server: xsct.bat -n  -interactive C:\Users\vince\VitisWorkspace\temp_xsdb_launch_script.tcl
11:07:09 INFO  : XSCT server has started successfully.
11:07:09 INFO  : Successfully done setting XSCT server connection channel  
11:07:18 INFO  : Registering command handlers for Vitis TCF services
11:07:26 INFO  : plnx-install-location is set to ''
11:07:26 INFO  : Successfully done setting workspace for the tool. 
11:07:26 INFO  : Successfully done query RDI_DATADIR 
17:23:25 INFO  : Launching XSCT server: xsct.bat -n  -interactive C:\Users\vince\VitisWorkspace\temp_xsdb_launch_script.tcl
17:23:47 INFO  : XSCT server has started successfully.
17:23:47 INFO  : plnx-install-location is set to ''
17:23:47 INFO  : Successfully done setting XSCT server connection channel  
17:23:58 INFO  : Registering command handlers for Vitis TCF services
17:24:15 INFO  : Successfully done setting workspace for the tool. 
17:24:15 INFO  : Successfully done query RDI_DATADIR 
17:57:12 INFO  : Connected to target on host '127.0.0.1' and port '3121'.
18:04:27 INFO  : Launching XSCT server: xsct.bat -n  -interactive C:\Users\vince\VitisWorkspace\temp_xsdb_launch_script.tcl
18:04:30 INFO  : XSCT server has started successfully.
18:04:30 INFO  : plnx-install-location is set to ''
18:04:30 INFO  : Successfully done setting XSCT server connection channel  
18:04:31 INFO  : Successfully done setting workspace for the tool. 
18:04:31 INFO  : Successfully done query RDI_DATADIR 
18:04:34 INFO  : Registering command handlers for Vitis TCF services
18:06:51 ERROR : Failed to openhw "C:/Users/vince/Documents/Personal Projects/SudokuSolver_NexysVideo/design_1_wrapper.xsa"
Reason: wrong # args: should be "openhw <hw-proj | hdf-file>"
18:08:25 ERROR : Failed to create platform.
18:08:25 ERROR : An unexpected exception occurred in the module 'reading platform'
14:05:09 INFO  : Launching XSCT server: xsct.bat -n  -interactive C:\Users\vince\VitisWorkspace\temp_xsdb_launch_script.tcl
14:05:26 INFO  : XSCT server has started successfully.
14:05:26 INFO  : Successfully done setting XSCT server connection channel  
14:05:26 INFO  : plnx-install-location is set to ''
14:05:34 INFO  : Registering command handlers for Vitis TCF services
14:05:41 INFO  : Successfully done setting workspace for the tool. 
14:05:41 INFO  : Successfully done query RDI_DATADIR 
14:12:00 ERROR : Failed to openhw "C:/Users/vince/Documents/Personal Projects/SudokuSolver_NexysVideo/design_1_wrapper.xsa"
Reason: wrong # args: should be "openhw <hw-proj | hdf-file>"
13:45:58 INFO  : Launching XSCT server: xsct.bat -n  -interactive C:\Users\vince\VitisWorkspace\temp_xsdb_launch_script.tcl
13:46:02 INFO  : XSCT server has started successfully.
13:46:02 INFO  : Successfully done setting XSCT server connection channel  
13:46:03 INFO  : Registering command handlers for Vitis TCF services
13:46:10 INFO  : plnx-install-location is set to ''
13:46:10 INFO  : Successfully done setting workspace for the tool. 
13:46:10 INFO  : Successfully done query RDI_DATADIR 
14:13:26 INFO  : Launching XSCT server: xsct.bat -n  -interactive C:\Users\vince\VitisWorkspace\temp_xsdb_launch_script.tcl
14:13:29 INFO  : XSCT server has started successfully.
14:13:29 INFO  : Successfully done setting XSCT server connection channel  
14:13:29 INFO  : plnx-install-location is set to ''
14:13:30 INFO  : Successfully done setting workspace for the tool. 
14:13:30 INFO  : Successfully done query RDI_DATADIR 
14:13:31 INFO  : Registering command handlers for Vitis TCF services
14:18:30 ERROR : Failed to openhw "C:/Users/vince/Documents/Personal Projects/RSdecoder/design_1_wrapper.xsa"
Reason: wrong # args: should be "openhw <hw-proj | hdf-file>"
14:18:30 ERROR : Failed to openhw "C:/Users/vince/Documents/Personal Projects/RSdecoder/design_1_wrapper.xsa"
Reason: wrong # args: should be "openhw <hw-proj | hdf-file>"
14:18:30 ERROR : Failed to openhw "C:/Users/vince/Documents/Personal Projects/RSdecoder/design_1_wrapper.xsa"
Reason: wrong # args: should be "openhw <hw-proj | hdf-file>"
14:18:30 ERROR : Failed to openhw "C:/Users/vince/Documents/Personal Projects/RSdecoder/design_1_wrapper.xsa"
Reason: wrong # args: should be "openhw <hw-proj | hdf-file>"
14:18:43 ERROR : Failed to openhw "C:/Users/vince/Documents/Personal Projects/RSdecoder/design_1_wrapper.xsa"
Reason: wrong # args: should be "openhw <hw-proj | hdf-file>"
14:19:04 ERROR : Failed to openhw "C:/Users/vince/Documents/Personal Projects/RSdecoder/design_1_wrapper.xsa"
Reason: wrong # args: should be "openhw <hw-proj | hdf-file>"
14:19:04 ERROR : Failed to openhw "C:/Users/vince/Documents/Personal Projects/RSdecoder/design_1_wrapper.xsa"
Reason: wrong # args: should be "openhw <hw-proj | hdf-file>"
14:19:04 ERROR : Failed to openhw "C:/Users/vince/Documents/Personal Projects/RSdecoder/design_1_wrapper.xsa"
Reason: wrong # args: should be "openhw <hw-proj | hdf-file>"
14:19:04 ERROR : Failed to openhw "C:/Users/vince/Documents/Personal Projects/RSdecoder/design_1_wrapper.xsa"
Reason: wrong # args: should be "openhw <hw-proj | hdf-file>"
14:19:08 ERROR : Failed to openhw "C:/Users/vince/Documents/Personal Projects/RSdecoder/design_1_wrapper.xsa"
Reason: wrong # args: should be "openhw <hw-proj | hdf-file>"
14:19:08 ERROR : Failed to openhw "C:/Users/vince/Documents/Personal Projects/RSdecoder/design_1_wrapper.xsa"
Reason: wrong # args: should be "openhw <hw-proj | hdf-file>"
14:19:08 ERROR : Failed to openhw "C:/Users/vince/Documents/Personal Projects/RSdecoder/design_1_wrapper.xsa"
Reason: wrong # args: should be "openhw <hw-proj | hdf-file>"
14:19:08 ERROR : Failed to openhw "C:/Users/vince/Documents/Personal Projects/RSdecoder/design_1_wrapper.xsa"
Reason: wrong # args: should be "openhw <hw-proj | hdf-file>"
14:19:28 ERROR : Failed to openhw "C:/Users/vince/Documents/Personal Projects/RSdecoder/design_1_wrapper.xsa"
Reason: wrong # args: should be "openhw <hw-proj | hdf-file>"
14:19:28 ERROR : Failed to openhw "C:/Users/vince/Documents/Personal Projects/RSdecoder/design_1_wrapper.xsa"
Reason: wrong # args: should be "openhw <hw-proj | hdf-file>"
14:19:28 ERROR : Failed to openhw "C:/Users/vince/Documents/Personal Projects/RSdecoder/design_1_wrapper.xsa"
Reason: wrong # args: should be "openhw <hw-proj | hdf-file>"
14:19:28 ERROR : Failed to openhw "C:/Users/vince/Documents/Personal Projects/RSdecoder/design_1_wrapper.xsa"
Reason: wrong # args: should be "openhw <hw-proj | hdf-file>"
14:19:32 ERROR : Failed to openhw "C:/Users/vince/Documents/Personal Projects/RSdecoder/design_1_wrapper.xsa"
Reason: wrong # args: should be "openhw <hw-proj | hdf-file>"
14:21:21 INFO  : Launching XSCT server: xsct.bat -n  -interactive C:\Users\vince\VitisWorkspace\temp_xsdb_launch_script.tcl
14:21:24 INFO  : XSCT server has started successfully.
14:21:24 INFO  : plnx-install-location is set to ''
14:21:24 INFO  : Successfully done setting XSCT server connection channel  
14:21:25 INFO  : Successfully done setting workspace for the tool. 
14:21:25 INFO  : Successfully done query RDI_DATADIR 
14:21:25 INFO  : Registering command handlers for Vitis TCF services
14:22:03 ERROR : Failed to openhw "C:/Users/vince/Documents/Personal Projects/RSdecoder/design_1_wrapper.xsa"
Reason: wrong # args: should be "openhw <hw-proj | hdf-file>"
14:22:03 ERROR : Failed to openhw "C:/Users/vince/Documents/Personal Projects/RSdecoder/design_1_wrapper.xsa"
Reason: wrong # args: should be "openhw <hw-proj | hdf-file>"
14:22:03 ERROR : Failed to openhw "C:/Users/vince/Documents/Personal Projects/RSdecoder/design_1_wrapper.xsa"
Reason: wrong # args: should be "openhw <hw-proj | hdf-file>"
14:22:03 ERROR : Failed to openhw "C:/Users/vince/Documents/Personal Projects/RSdecoder/design_1_wrapper.xsa"
Reason: wrong # args: should be "openhw <hw-proj | hdf-file>"
14:22:12 ERROR : Failed to openhw "C:/Users/vince/Documents/Personal Projects/RSdecoder/design_1_wrapper.xsa"
Reason: wrong # args: should be "openhw <hw-proj | hdf-file>"
14:29:06 ERROR : Failed to openhw "C:/Users/vince/Documents/Personal Projects/RSdecoder/design_1_wrapper.xsa"
Reason: wrong # args: should be "openhw <hw-proj | hdf-file>"
14:29:06 ERROR : Failed to openhw "C:/Users/vince/Documents/Personal Projects/RSdecoder/design_1_wrapper.xsa"
Reason: wrong # args: should be "openhw <hw-proj | hdf-file>"
14:29:06 ERROR : Failed to openhw "C:/Users/vince/Documents/Personal Projects/RSdecoder/design_1_wrapper.xsa"
Reason: wrong # args: should be "openhw <hw-proj | hdf-file>"
14:29:06 ERROR : Failed to openhw "C:/Users/vince/Documents/Personal Projects/RSdecoder/design_1_wrapper.xsa"
Reason: wrong # args: should be "openhw <hw-proj | hdf-file>"
14:43:33 ERROR : (XSDB Server)ERROR: [Hsi 55-1545] Problem running tcl command ::sw_freertos10_xilinx_v1_4::FreeRTOS_drc : The STDIN/STDOUT parameters are not set. FreeRTOS requires stdin/stdout to be set.
    while executing
"error "The STDIN/STDOUT parameters are not set. FreeRTOS requires stdin/stdout to be set." "" "mdt_error""
    (procedure "mb_drc_checks" line 13)
    invoked from within
"mb_drc_checks $sw_proc_handle $hw_proc_handle $os_handle"
    (procedure "::sw_freertos10_xilinx_v1_4::FreeRTOS_drc" line 10)
    invoked from within
"::sw_freertos10_xilinx_v1_4::FreeRTOS_drc freertos10_xilinx"

14:43:33 ERROR : (XSDB Server)ERROR: [Hsi 55-1440] Error(s) while running DRCs.

14:43:33 ERROR : Failed to create platform for application project
Reason: An exception occurred while trying to add domain.
14:43:33 INFO  : Platform creation cancelled by the user.
14:44:32 ERROR : (XSDB Server)ERROR: [Hsi 55-1571] The design file C:/Users/vince/VitisWorkspace/design_1_wrapper/hw/design_1_wrapper.xsa is already opened

14:45:27 INFO  : Successfully done sdx_reload_mss "C:/Users/vince/VitisWorkspace/design_1_wrapper/microblaze_0/standalone_domain/bsp/system.mss"
14:46:13 INFO  : Successfully done sdx_reload_mss "C:/Users/vince/VitisWorkspace/design_1_wrapper/microblaze_0/standalone_domain/bsp/system.mss"
14:46:42 INFO  : Successfully done sdx_reload_mss "C:/Users/vince/VitisWorkspace/design_1_wrapper/microblaze_0/standalone_domain/bsp/system.mss"
14:46:42 INFO  : No changes in MSS file content so sources will not be generated.
14:50:04 INFO  : Successfully done sdx_reload_mss "C:/Users/vince/VitisWorkspace/design_1_wrapper/microblaze_0/standalone_domain/bsp/system.mss"
14:50:04 INFO  : No changes in MSS file content so sources will not be generated.
15:45:54 INFO  : Launching XSCT server: xsct.bat -n  -interactive C:\Users\vince\VitisWorkspace\temp_xsdb_launch_script.tcl
15:46:04 INFO  : XSCT server has started successfully.
15:46:07 INFO  : Registering command handlers for Vitis TCF services
15:46:30 INFO  : Successfully done setting XSCT server connection channel  
15:46:30 INFO  : plnx-install-location is set to ''
15:46:30 INFO  : Successfully done query RDI_DATADIR 
15:46:30 INFO  : Successfully done setting workspace for the tool. 
18:04:42 INFO  : Launching XSCT server: xsct.bat -n  -interactive C:\Users\vince\VitisWorkspace\temp_xsdb_launch_script.tcl
18:04:55 INFO  : XSCT server has started successfully.
18:04:55 INFO  : Successfully done setting XSCT server connection channel  
18:04:55 INFO  : plnx-install-location is set to ''
18:04:55 INFO  : Successfully done setting workspace for the tool. 
18:05:11 INFO  : Registering command handlers for Vitis TCF services
18:05:29 INFO  : Successfully done query RDI_DATADIR 
19:02:37 ERROR : Failed to openhw "C:/Users/vince/Documents/Personal Projects/RSdecoder/design_1_wrapper.xsa"
Reason: wrong # args: should be "openhw <hw-proj | hdf-file>"
19:02:37 ERROR : Failed to openhw "C:/Users/vince/Documents/Personal Projects/RSdecoder/design_1_wrapper.xsa"
Reason: wrong # args: should be "openhw <hw-proj | hdf-file>"
19:02:37 ERROR : Failed to openhw "C:/Users/vince/Documents/Personal Projects/RSdecoder/design_1_wrapper.xsa"
Reason: wrong # args: should be "openhw <hw-proj | hdf-file>"
19:02:37 ERROR : Failed to openhw "C:/Users/vince/Documents/Personal Projects/RSdecoder/design_1_wrapper.xsa"
Reason: wrong # args: should be "openhw <hw-proj | hdf-file>"
19:06:09 INFO  : Removed 'C:/Users/vince/VitisWorkspace/design_1_wrapper/export/design_1_wrapper' from custom platform repositories.
21:00:08 INFO  : Launching XSCT server: xsct.bat -n  -interactive C:\Users\vince\VitisWorkspace\temp_xsdb_launch_script.tcl
21:00:12 INFO  : Registering command handlers for Vitis TCF services
21:00:12 INFO  : XSCT server has started successfully.
21:00:13 INFO  : Successfully done setting XSCT server connection channel  
21:00:13 INFO  : plnx-install-location is set to ''
21:00:13 INFO  : Successfully done query RDI_DATADIR 
21:00:13 INFO  : Successfully done setting workspace for the tool. 
21:02:53 INFO  : Successfully done sdx_reload_mss "C:/Users/vince/VitisWorkspace/design_1_wrapper_1/microblaze_0/standalone_domain/bsp/system.mss"
21:07:12 ERROR : An unexpected exception occurred in the module 'reading platform'
21:07:12 INFO  : Removed 'C:/Users/vince/VitisWorkspace/design_1_wrapper_1/export/design_1_wrapper_1' from custom platform repositories.
21:10:25 ERROR : Failed to extract bitstream during creation of 'design_1_wrapper'
21:10:34 INFO  : Removed 'C:/Users/vince/VitisWorkspace/design_1_wrapper/export/design_1_wrapper' from custom platform repositories.
21:10:34 INFO  : Platform 'design_1_wrapper' is added to custom repositories.
21:49:41 INFO  : Launching XSCT server: xsct.bat -n  -interactive C:\Users\vince\VitisWorkspace\temp_xsdb_launch_script.tcl
21:49:50 INFO  : XSCT server has started successfully.
21:49:50 INFO  : plnx-install-location is set to ''
21:49:50 INFO  : Successfully done setting XSCT server connection channel  
21:49:50 INFO  : Successfully done setting workspace for the tool. 
21:50:14 INFO  : Registering command handlers for Vitis TCF services
21:50:19 INFO  : Successfully done query RDI_DATADIR 
15:20:58 INFO  : Launching XSCT server: xsct.bat -n  -interactive C:\Users\vince\VitisWorkspace\temp_xsdb_launch_script.tcl
15:21:03 INFO  : XSCT server has started successfully.
15:21:03 INFO  : plnx-install-location is set to ''
15:21:03 INFO  : Successfully done setting XSCT server connection channel  
15:21:03 INFO  : Successfully done setting workspace for the tool. 
15:21:07 INFO  : Registering command handlers for Vitis TCF services
15:21:14 INFO  : Successfully done query RDI_DATADIR 
15:23:00 INFO  : Checking for BSP changes to sync application flags for project 'RSDecoder'...
16:14:10 INFO  : Connected to target on host '127.0.0.1' and port '3121'.
16:19:37 INFO  : Successfully done sdx_reload_mss "C:/Users/vince/VitisWorkspace/design_1_wrapper/microblaze_0/standalone_domain/bsp/system.mss"
19:24:32 INFO  : Launching XSCT server: xsct.bat -n  -interactive C:\Users\vince\VitisWorkspace\temp_xsdb_launch_script.tcl
19:24:49 INFO  : XSCT server has started successfully.
19:24:49 INFO  : plnx-install-location is set to ''
19:24:49 INFO  : Successfully done setting XSCT server connection channel  
19:24:49 INFO  : Successfully done setting workspace for the tool. 
19:25:00 INFO  : Registering command handlers for Vitis TCF services
19:25:33 INFO  : Successfully done query RDI_DATADIR 
22:01:56 INFO  : Successfully done sdx_reload_mss "C:/Users/vince/VitisWorkspace/design_1_wrapper/microblaze_0/standalone_domain/bsp/system.mss"
11:37:39 INFO  : Launching XSCT server: xsct.bat -n  -interactive C:\Users\vince\VitisWorkspace\temp_xsdb_launch_script.tcl
11:37:50 INFO  : XSCT server has started successfully.
11:37:50 INFO  : plnx-install-location is set to ''
11:37:51 INFO  : Successfully done setting XSCT server connection channel  
11:38:05 INFO  : Registering command handlers for Vitis TCF services
11:38:58 ERROR : (XSDB Server)ERROR: [Hsi 55-1571] The design file C:/Users/vince/VitisWorkspace/design_1_wrapper/hw/design_1_wrapper.xsa is already opened

11:38:58 INFO  : Successfully done setting workspace for the tool. 
11:38:58 INFO  : Successfully done query RDI_DATADIR 
11:39:00 INFO  : Successfully done sdx_reload_mss "C:/Users/vince/VitisWorkspace/design_1_wrapper/microblaze_0/standalone_domain/bsp/system.mss"
11:44:53 INFO  : Checking for BSP changes to sync application flags for project 'RSDecoder'...
19:15:57 INFO  : Launching XSCT server: xsct.bat -n  -interactive C:\Users\vince\VitisWorkspace\temp_xsdb_launch_script.tcl
19:16:04 INFO  : XSCT server has started successfully.
19:16:05 INFO  : plnx-install-location is set to ''
19:16:05 INFO  : Successfully done setting XSCT server connection channel  
19:16:05 INFO  : Successfully done setting workspace for the tool. 
19:16:13 INFO  : Registering command handlers for Vitis TCF services
19:16:28 INFO  : Successfully done query RDI_DATADIR 
19:18:16 INFO  : Successfully done sdx_reload_mss "C:/Users/vince/VitisWorkspace/design_1_wrapper/microblaze_0/standalone_domain/bsp/system.mss"
19:39:44 INFO  : Checking for BSP changes to sync application flags for project 'RSDecoder'...
19:40:27 INFO  : Checking for BSP changes to sync application flags for project 'RSDecoder'...
19:48:29 INFO  : Checking for BSP changes to sync application flags for project 'RSDecoder'...
19:48:35 INFO  : Checking for BSP changes to sync application flags for project 'RSDecoder'...
20:10:08 INFO  : Checking for BSP changes to sync application flags for project 'RSDecoder'...
20:12:18 INFO  : Checking for BSP changes to sync application flags for project 'RSDecoder'...
20:18:17 INFO  : Checking for BSP changes to sync application flags for project 'RSDecoder'...
20:30:03 INFO  : Checking for BSP changes to sync application flags for project 'RSDecoder'...
20:34:47 INFO  : Checking for BSP changes to sync application flags for project 'RSDecoder'...
20:38:32 INFO  : Checking for BSP changes to sync application flags for project 'RSDecoder'...
20:40:15 INFO  : Checking for BSP changes to sync application flags for project 'RSDecoder'...
20:41:12 INFO  : Checking for BSP changes to sync application flags for project 'RSDecoder'...
20:43:10 INFO  : Checking for BSP changes to sync application flags for project 'RSDecoder'...
20:43:22 INFO  : Checking for BSP changes to sync application flags for project 'RSDecoder'...
20:43:42 INFO  : Checking for BSP changes to sync application flags for project 'RSDecoder'...
20:48:08 INFO  : Checking for BSP changes to sync application flags for project 'RSDecoder'...
20:50:59 INFO  : Checking for BSP changes to sync application flags for project 'RSDecoder'...
20:51:20 INFO  : Checking for BSP changes to sync application flags for project 'RSDecoder'...
20:52:18 INFO  : Checking for BSP changes to sync application flags for project 'RSDecoder'...
20:52:31 INFO  : Checking for BSP changes to sync application flags for project 'RSDecoder'...
20:52:57 INFO  : Checking for BSP changes to sync application flags for project 'RSDecoder'...
20:54:16 INFO  : Checking for BSP changes to sync application flags for project 'RSDecoder'...
20:55:59 INFO  : Checking for BSP changes to sync application flags for project 'RSDecoder'...
20:56:28 INFO  : Checking for BSP changes to sync application flags for project 'RSDecoder'...
20:56:34 INFO  : Checking for BSP changes to sync application flags for project 'RSDecoder'...
20:57:10 INFO  : Checking for BSP changes to sync application flags for project 'RSDecoder'...
20:57:35 INFO  : Checking for BSP changes to sync application flags for project 'RSDecoder'...
16:28:33 INFO  : Launching XSCT server: xsct.bat -n  -interactive C:\Users\vince\VitisWorkspace\temp_xsdb_launch_script.tcl
16:28:42 INFO  : XSCT server has started successfully.
16:28:42 INFO  : plnx-install-location is set to ''
16:28:42 INFO  : Successfully done setting XSCT server connection channel  
16:28:42 INFO  : Successfully done setting workspace for the tool. 
16:28:56 INFO  : Registering command handlers for Vitis TCF services
16:29:08 INFO  : Successfully done query RDI_DATADIR 
16:31:03 INFO  : Checking for BSP changes to sync application flags for project 'RSDecoder'...
14:31:57 ERROR : (XSDB Server)ERROR: [Hsi 55-1571] The design file C:/Users/vince/VitisWorkspace/design_1_wrapper/hw/design_1_wrapper.xsa is already opened

14:32:10 INFO  : Hardware specification for platform project 'design_1_wrapper' is updated.
17:15:25 INFO  : Checking for BSP changes to sync application flags for project 'RSDecoder'...
17:18:48 INFO  : Hardware specification for platform project 'design_1_wrapper' is updated.
17:18:59 INFO  : Checking for BSP changes to sync application flags for project 'RSDecoder'...
17:19:00 INFO  : The hardware specfication used by project 'RSDecoder' is out of sync with the platform. Resource files extracted from the hardware specfiication will be updated.
17:19:00 INFO  : The file 'C:\Users\vince\VitisWorkspace\RSDecoder\_ide\bitstream\design_1_wrapper.bit' stored in project is removed.
17:19:00 INFO  : The file 'C:\Users\vince\VitisWorkspace\RSDecoder\_ide\bitstream\design_1_wrapper.mmi' stored in project is removed.
17:19:00 INFO  : The updated bitstream files are copied from platform to folder 'C:\Users\vince\VitisWorkspace\RSDecoder\_ide\bitstream' in project 'RSDecoder'.
17:52:00 INFO  : Checking for BSP changes to sync application flags for project 'RSDecoder'...
17:58:05 INFO  : Successfully done sdx_reload_mss "C:/Users/vince/VitisWorkspace/design_1_wrapper/microblaze_0/standalone_domain/bsp/system.mss"
18:08:34 INFO  : Hardware specification for platform project 'design_1_wrapper' is updated.
18:08:36 INFO  : Successfully done sdx_reload_mss "C:/Users/vince/VitisWorkspace/design_1_wrapper/microblaze_0/standalone_domain/bsp/system.mss"
18:09:18 INFO  : Checking for BSP changes to sync application flags for project 'RSDecoder'...
18:09:54 INFO  : Hardware specification for platform project 'design_1_wrapper' is updated.
18:10:06 INFO  : Checking for BSP changes to sync application flags for project 'RSDecoder'...
18:10:07 INFO  : The hardware specfication used by project 'RSDecoder' is out of sync with the platform. Resource files extracted from the hardware specfiication will be updated.
18:10:07 INFO  : The file 'C:\Users\vince\VitisWorkspace\RSDecoder\_ide\bitstream\design_1_wrapper.bit' stored in project is removed.
18:10:07 INFO  : The file 'C:\Users\vince\VitisWorkspace\RSDecoder\_ide\bitstream\design_1_wrapper.mmi' stored in project is removed.
18:10:07 INFO  : The updated bitstream files are copied from platform to folder 'C:\Users\vince\VitisWorkspace\RSDecoder\_ide\bitstream' in project 'RSDecoder'.
18:12:16 INFO  : Checking for BSP changes to sync application flags for project 'RSDecoder'...
18:16:00 INFO  : Successfully generated C:\Users\vince\VitisWorkspace\RSDecoder\src\lscript.ld.
18:16:00 INFO  : Applying linker script to all configurations of project RSDecoder.
18:16:01 INFO  : Setting rebuild state to true for all configurations of project RSDecoder.
18:16:06 INFO  : Checking for BSP changes to sync application flags for project 'RSDecoder'...
18:20:45 INFO  : Hardware specification for platform project 'design_1_wrapper' is updated.
18:20:59 INFO  : Inferring section assignments and sizes from elf file: C:\Users\vince\VitisWorkspace\RSDecoder\Debug\RSDecoder.elf
18:21:08 INFO  : Successfully generated C:\Users\vince\VitisWorkspace\RSDecoder\src\lscript.ld.
18:21:08 INFO  : Applying linker script to all configurations of project RSDecoder.
18:21:08 INFO  : Setting rebuild state to true for all configurations of project RSDecoder.
18:21:57 INFO  : Checking for BSP changes to sync application flags for project 'RSDecoder'...
18:22:10 INFO  : Checking for BSP changes to sync application flags for project 'RSDecoder'...
19:17:53 INFO  : Successfully done sdx_reload_mss "C:/Users/vince/VitisWorkspace/design_1_wrapper/microblaze_0/standalone_domain/bsp/system.mss"
01:08:46 INFO  : Launching XSCT server: xsct.bat -n  -interactive C:\Users\vince\VitisWorkspace\temp_xsdb_launch_script.tcl
01:08:54 INFO  : XSCT server has started successfully.
01:08:54 INFO  : plnx-install-location is set to ''
01:09:12 INFO  : Registering command handlers for Vitis TCF services
01:09:38 INFO  : Successfully done setting XSCT server connection channel  
01:09:39 INFO  : Successfully done query RDI_DATADIR 
01:09:39 INFO  : Successfully done setting workspace for the tool. 
01:09:39 INFO  : Successfully done sdx_reload_mss "C:/Users/vince/VitisWorkspace/design_1_wrapper/microblaze_0/standalone_domain/bsp/system.mss"
01:09:56 INFO  : Hardware specification for platform project 'design_1_wrapper' is updated.
01:09:59 INFO  : Successfully done sdx_reload_mss "C:/Users/vince/VitisWorkspace/design_1_wrapper/microblaze_0/standalone_domain/bsp/system.mss"
01:11:32 INFO  : Checking for BSP changes to sync application flags for project 'RSDecoder'...
01:11:32 ERROR : Failed to get platform details for the project 'RSDecoder'. Cannot sync application flags.
01:11:49 ERROR : Failed to compute checksum of hardware specification file used by project 'RSDecoder'
01:14:31 INFO  : Hardware specification for platform project 'design_1_wrapper' is updated.
01:14:34 INFO  : Successfully done sdx_reload_mss "C:/Users/vince/VitisWorkspace/design_1_wrapper/microblaze_0/standalone_domain/bsp/system.mss"
01:23:41 INFO  : Checking for BSP changes to sync application flags for project 'RSDecoder'...
01:23:45 INFO  : The hardware specfication used by project 'RSDecoder' is out of sync with the platform. Resource files extracted from the hardware specfiication will be updated.
01:23:45 INFO  : The file 'C:\Users\vince\VitisWorkspace\RSDecoder\_ide\bitstream\design_1_wrapper.bit' stored in project is removed.
01:23:45 INFO  : The file 'C:\Users\vince\VitisWorkspace\RSDecoder\_ide\bitstream\design_1_wrapper.mmi' stored in project is removed.
01:23:45 INFO  : The updated bitstream files are copied from platform to folder 'C:\Users\vince\VitisWorkspace\RSDecoder\_ide\bitstream' in project 'RSDecoder'.
01:24:01 INFO  : Checking for BSP changes to sync application flags for project 'RSDecoder'...
10:31:06 INFO  : Launching XSCT server: xsct.bat -n  -interactive C:\Users\vince\VitisWorkspace\temp_xsdb_launch_script.tcl
10:31:12 INFO  : XSCT server has started successfully.
10:31:12 INFO  : plnx-install-location is set to ''
10:31:20 INFO  : Registering command handlers for Vitis TCF services
10:31:37 ERROR : (XSDB Server)ERROR: [Hsi 55-1571] The design file C:/Users/vince/VitisWorkspace/design_1_wrapper/hw/design_1_wrapper.xsa is already opened

10:31:37 INFO  : Successfully done query RDI_DATADIR 
10:31:37 INFO  : Successfully done setting XSCT server connection channel  
10:31:37 INFO  : Successfully done setting workspace for the tool. 
10:31:37 INFO  : Successfully done sdx_reload_mss "C:/Users/vince/VitisWorkspace/design_1_wrapper/microblaze_0/standalone_domain/bsp/system.mss"
14:18:48 INFO  : Launching XSCT server: xsct.bat -n  -interactive C:\Users\vince\VitisWorkspace\temp_xsdb_launch_script.tcl
14:18:55 INFO  : XSCT server has started successfully.
14:18:56 INFO  : plnx-install-location is set to ''
14:19:01 INFO  : Registering command handlers for Vitis TCF services
14:19:08 INFO  : Successfully done setting XSCT server connection channel  
14:19:10 INFO  : Successfully done setting workspace for the tool. 
14:19:10 INFO  : Successfully done query RDI_DATADIR 
14:19:30 ERROR : (XSDB Server)ERROR: [Hsi 55-1571] The design file C:/Users/vince/VitisWorkspace/design_1_wrapper/hw/design_1_wrapper.xsa is already opened

14:19:35 INFO  : Hardware specification for platform project 'design_1_wrapper' is updated.
14:20:48 INFO  : Checking for BSP changes to sync application flags for project 'RSDecoder'...
14:20:58 INFO  : Checking for BSP changes to sync application flags for project 'RSDecoder'...
15:55:22 INFO  : Launching XSCT server: xsct.bat -n  -interactive C:\Users\vince\VitisWorkspace\temp_xsdb_launch_script.tcl
15:55:27 INFO  : XSCT server has started successfully.
15:55:28 INFO  : plnx-install-location is set to ''
15:55:28 INFO  : Successfully done setting XSCT server connection channel  
15:55:28 INFO  : Successfully done setting workspace for the tool. 
15:55:33 INFO  : Registering command handlers for Vitis TCF services
15:55:40 INFO  : Successfully done query RDI_DATADIR 
16:10:53 INFO  : Hardware specification for platform project 'design_1_wrapper' is updated.
16:12:18 INFO  : Checking for BSP changes to sync application flags for project 'RSDecoder'...
16:12:26 INFO  : Checking for BSP changes to sync application flags for project 'RSDecoder'...
18:19:04 INFO  : Launching XSCT server: xsct.bat -n  -interactive C:\Users\vince\VitisWorkspace\temp_xsdb_launch_script.tcl
18:19:20 INFO  : XSCT server has started successfully.
18:19:20 INFO  : plnx-install-location is set to ''
18:19:20 INFO  : Successfully done setting XSCT server connection channel  
18:19:20 INFO  : Successfully done setting workspace for the tool. 
18:19:39 INFO  : Registering command handlers for Vitis TCF services
18:20:19 INFO  : Successfully done query RDI_DATADIR 
18:59:07 INFO  : Checking for BSP changes to sync application flags for project 'RSDecoder'...
19:07:27 INFO  : Successfully done sdx_reload_mss "C:/Users/vince/VitisWorkspace/design_1_wrapper/microblaze_0/standalone_domain/bsp/system.mss"
19:37:16 INFO  : Connected to target on host '127.0.0.1' and port '3121'.
19:37:35 INFO  : ----------------XSDB Script----------------
connect -url tcp:127.0.0.1:3121
----------------End of Script----------------

19:37:35 ERROR : Could not find FPGA device on the board for connection 'Local'.


Troubleshooting hints:
1. Check whether board is connected to system properly.
2. In case of zynq board, check whether Digilent/Xilinx cable switch settings are correct.
3. If you are using Xilinx Platform Cable USB, ensure that status LED is green.
13:42:27 INFO  : Launching XSCT server: xsct.bat -n  -interactive C:\Users\vince\VitisWorkspace\temp_xsdb_launch_script.tcl
13:42:37 INFO  : XSCT server has started successfully.
13:42:38 INFO  : plnx-install-location is set to ''
13:42:38 INFO  : Successfully done setting XSCT server connection channel  
13:42:38 INFO  : Successfully done setting workspace for the tool. 
13:42:46 INFO  : Registering command handlers for Vitis TCF services
13:43:00 INFO  : Successfully done query RDI_DATADIR 
13:43:31 INFO  : Checking for BSP changes to sync application flags for project 'RSDecoder'...
16:08:19 INFO  : Launching XSCT server: xsct.bat -n  -interactive C:\Users\vince\VitisWorkspace\temp_xsdb_launch_script.tcl
16:08:22 INFO  : Registering command handlers for Vitis TCF services
16:08:23 INFO  : XSCT server has started successfully.
16:08:23 INFO  : plnx-install-location is set to ''
16:08:24 INFO  : Successfully done setting XSCT server connection channel  
16:08:24 INFO  : Successfully done query RDI_DATADIR 
16:08:24 INFO  : Successfully done setting workspace for the tool. 
18:00:22 INFO  : Checking for BSP changes to sync application flags for project 'RSDecoder'...
18:01:40 INFO  : Checking for BSP changes to sync application flags for project 'RSDecoder'...
19:34:08 INFO  : Successfully done sdx_reload_mss "C:/Users/vince/VitisWorkspace/design_1_wrapper/microblaze_0/standalone_domain/bsp/system.mss"
20:28:45 INFO  : Hardware specification for platform project 'design_1_wrapper' is updated.
20:28:48 INFO  : Successfully done sdx_reload_mss "C:/Users/vince/VitisWorkspace/design_1_wrapper/microblaze_0/standalone_domain/bsp/system.mss"
20:29:33 INFO  : Checking for BSP changes to sync application flags for project 'RSDecoder'...
20:29:33 ERROR : Failed to get platform details for the project 'RSDecoder'. Cannot sync application flags.
20:29:44 ERROR : Failed to compute checksum of hardware specification file used by project 'RSDecoder'
20:30:28 INFO  : Checking for BSP changes to sync application flags for project 'RSDecoder'...
20:30:28 INFO  : Updating application flags with new BSP settings...
20:30:29 INFO  : Successfully updated application flags for project RSDecoder.
20:30:30 INFO  : The hardware specfication used by project 'RSDecoder' is out of sync with the platform. Resource files extracted from the hardware specfiication will be updated.
20:30:30 INFO  : The file 'C:\Users\vince\VitisWorkspace\RSDecoder\_ide\bitstream\design_1_wrapper.bit' stored in project is removed.
20:30:30 INFO  : The file 'C:\Users\vince\VitisWorkspace\RSDecoder\_ide\bitstream\design_1_wrapper.mmi' stored in project is removed.
20:30:30 INFO  : The updated bitstream files are copied from platform to folder 'C:\Users\vince\VitisWorkspace\RSDecoder\_ide\bitstream' in project 'RSDecoder'.
20:38:42 INFO  : Checking for BSP changes to sync application flags for project 'RSDecoder'...
21:00:05 INFO  : Checking for BSP changes to sync application flags for project 'RSDecoder'...
